0 info it worked if it ends with ok
1 verbose cli [ '/Users/iZel/.nvm/versions/node/v6.9.1/bin/node',
1 verbose cli   '/Users/iZel/.nvm/versions/node/v6.9.1/bin/npm',
1 verbose cli   'publish' ]
2 info using npm@3.10.8
3 info using node@v6.9.1
4 verbose publish [ '.' ]
5 silly cache add args [ '.', null ]
6 verbose cache add spec .
7 silly cache add parsed spec Result {
7 silly cache add   raw: '.',
7 silly cache add   scope: null,
7 silly cache add   escapedName: null,
7 silly cache add   name: null,
7 silly cache add   rawSpec: '.',
7 silly cache add   spec: '/Users/iZel/www/libs/console-serv-brow',
7 silly cache add   type: 'directory' }
8 verbose addLocalDirectory /Users/iZel/.npm/console-serv-brow/1.0.0/package.tgz not in flight; packing
9 verbose correctMkdir /Users/iZel/.npm correctMkdir not in flight; initializing
10 info lifecycle console-serv-brow@1.0.0~prepublish: console-serv-brow@1.0.0
11 silly lifecycle console-serv-brow@1.0.0~prepublish: no script for prepublish, continuing
12 verbose tar pack [ '/Users/iZel/.npm/console-serv-brow/1.0.0/package.tgz',
12 verbose tar pack   '/Users/iZel/www/libs/console-serv-brow' ]
13 verbose tarball /Users/iZel/.npm/console-serv-brow/1.0.0/package.tgz
14 verbose folder /Users/iZel/www/libs/console-serv-brow
15 verbose addLocalTarball adding from inside cache /Users/iZel/.npm/console-serv-brow/1.0.0/package.tgz
16 verbose correctMkdir /Users/iZel/.npm correctMkdir not in flight; initializing
17 silly cache afterAdd console-serv-brow@1.0.0
18 verbose afterAdd /Users/iZel/.npm/console-serv-brow/1.0.0/package/package.json not in flight; writing
19 verbose correctMkdir /Users/iZel/.npm correctMkdir not in flight; initializing
20 verbose afterAdd /Users/iZel/.npm/console-serv-brow/1.0.0/package/package.json written
21 silly publish { name: 'console-serv-brow',
21 silly publish   version: '1.0.0',
21 silly publish   description: 'send consoles for socket to client',
21 silly publish   main: 'index.js',
21 silly publish   scripts: { test: 'echo "Error: no test specified" && exit 1' },
21 silly publish   repository:
21 silly publish    { type: 'git',
21 silly publish      url: 'git+https://github.com/AdrianZelada/console-serv-brow.git' },
21 silly publish   keywords: [ 'console', 'server' ],
21 silly publish   author: { name: 'Adrian Zelada' },
21 silly publish   license: 'ISC',
21 silly publish   bugs: { url: 'https://github.com/AdrianZelada/console-serv-brow/issues' },
21 silly publish   dependencies:
21 silly publish    { ejs: '~2.5.2',
21 silly publish      express: '~4.14.0',
21 silly publish      morgan: '~1.7.0',
21 silly publish      'nodejs-dashboard': '^0.3.0',
21 silly publish      'socket.io': '^1.7.2' },
21 silly publish   homepage: 'https://github.com/AdrianZelada/console-serv-brow#readme',
21 silly publish   gitHead: '60b3439b82eaa14c85606ec42095ce18e1b419c6',
21 silly publish   readme: 'ERROR: No README data found!',
21 silly publish   _id: 'console-serv-brow@1.0.0',
21 silly publish   _shasum: '43fc1971fcaba005c08195502ac6dc5dde830104',
21 silly publish   _from: '.' }
22 verbose getPublishConfig undefined
23 silly mapToRegistry name console-serv-brow
24 silly mapToRegistry using default registry
25 silly mapToRegistry registry http://registry.npmjs.org/
26 silly mapToRegistry data Result {
26 silly mapToRegistry   raw: 'console-serv-brow',
26 silly mapToRegistry   scope: null,
26 silly mapToRegistry   escapedName: 'console-serv-brow',
26 silly mapToRegistry   name: 'console-serv-brow',
26 silly mapToRegistry   rawSpec: '',
26 silly mapToRegistry   spec: 'latest',
26 silly mapToRegistry   type: 'tag' }
27 silly mapToRegistry uri http://registry.npmjs.org/console-serv-brow
28 verbose publish registryBase http://registry.npmjs.org/
29 silly publish uploading /Users/iZel/.npm/console-serv-brow/1.0.0/package.tgz
30 verbose request uri http://registry.npmjs.org/console-serv-brow
31 verbose request sending authorization for write operation
32 info attempt registry request try #1 at 1:43:23 AM
33 verbose request using bearer token for auth
34 verbose request id 35f608437029aca1
35 http request PUT http://registry.npmjs.org/console-serv-brow
36 http 403 http://registry.npmjs.org/console-serv-brow
37 verbose headers { 'content-type': 'application/json',
37 verbose headers   'cache-control': 'max-age=300',
37 verbose headers   'content-length': '95',
37 verbose headers   'accept-ranges': 'bytes',
37 verbose headers   date: 'Fri, 27 Jan 2017 05:43:53 GMT',
37 verbose headers   via: '1.1 varnish',
37 verbose headers   connection: 'keep-alive',
37 verbose headers   'x-served-by': 'cache-lcy1121-LCY',
37 verbose headers   'x-cache': 'MISS',
37 verbose headers   'x-cache-hits': '0',
37 verbose headers   'x-timer': 'S1485495803.969232,VS0,VE29426',
37 verbose headers   vary: 'Accept-Encoding' }
38 verbose request invalidating /Users/iZel/.npm/registry.npmjs.org/console-serv-brow on PUT
39 error publish Failed PUT 403
40 verbose stack Error: "You cannot publish over the previously published version 1.0.0." : console-serv-brow
40 verbose stack     at makeError (/Users/iZel/.nvm/versions/node/v6.9.1/lib/node_modules/npm/node_modules/npm-registry-client/lib/request.js:302:12)
40 verbose stack     at CachingRegistryClient.<anonymous> (/Users/iZel/.nvm/versions/node/v6.9.1/lib/node_modules/npm/node_modules/npm-registry-client/lib/request.js:290:14)
40 verbose stack     at Request._callback (/Users/iZel/.nvm/versions/node/v6.9.1/lib/node_modules/npm/node_modules/npm-registry-client/lib/request.js:210:14)
40 verbose stack     at Request.self.callback (/Users/iZel/.nvm/versions/node/v6.9.1/lib/node_modules/npm/node_modules/request/request.js:187:22)
40 verbose stack     at emitTwo (events.js:106:13)
40 verbose stack     at Request.emit (events.js:191:7)
40 verbose stack     at Request.<anonymous> (/Users/iZel/.nvm/versions/node/v6.9.1/lib/node_modules/npm/node_modules/request/request.js:1044:10)
40 verbose stack     at emitOne (events.js:96:13)
40 verbose stack     at Request.emit (events.js:188:7)
40 verbose stack     at IncomingMessage.<anonymous> (/Users/iZel/.nvm/versions/node/v6.9.1/lib/node_modules/npm/node_modules/request/request.js:965:12)
41 verbose statusCode 403
42 verbose pkgid console-serv-brow
43 verbose cwd /Users/iZel/www/libs/console-serv-brow
44 error Darwin 16.0.0
45 error argv "/Users/iZel/.nvm/versions/node/v6.9.1/bin/node" "/Users/iZel/.nvm/versions/node/v6.9.1/bin/npm" "publish"
46 error node v6.9.1
47 error npm  v3.10.8
48 error code E403
49 error "You cannot publish over the previously published version 1.0.0." : console-serv-brow
50 error If you need help, you may report this error at:
50 error     <https://github.com/npm/npm/issues>
51 verbose exit [ 1, true ]
